Arguments: 
  C:\Program Files\nodejs\node.exe C:\Users\Bobur\AppData\Roaming\npm\node_modules\yarn\bin\yarn.js add -D @babel/core @babel/cli @babel-preset-env

PATH: 
  C:\Python310\Scripts\;C:\Python310\;C:\Windows\system32;C:\Windows;C:\Windows\System32\Wbem;C:\Windows\System32\WindowsPowerShell\v1.0\;C:\Windows\System32\OpenSSH\;C:\Program Files\nodejs\;C:\Program Files\Git\cmd;C:\ProgramData\chocolatey\bin;;C:\Program Files (x86)\NVIDIA Corporation\PhysX\Common;C:\Users\Bobur\scoop\apps\gcc\current\bin;C:\Users\Bobur\scoop\shims;C:\Users\Bobur\AppData\Local\Microsoft\WindowsApps;C:\Users\Bobur\AppData\Local\Programs\Microsoft VS Code\bin;C:\Users\Bobur\AppData\Roaming\npm;C:\Users\Bobur\AppData\Roaming\Python\Python310\Scripts;C:\Program Files\heroku\bin;C:\Users\Bobur\AppData\Local\JetBrains\Toolbox\scripts;C:\Users\Bobur\AppData\Local\GitHubDesktop\bin;C:\Swift\bin

Yarn version: 
  1.22.19

Node version: 
  16.16.0

Platform: 
  win32 x64

Trace: 
  Error: https://registry.yarnpkg.com/@babel-preset-env: Request "https://registry.yarnpkg.com/@babel-preset-env" returned a 405
      at Request.params.callback [as _callback] (C:\Users\Bobur\AppData\Roaming\npm\node_modules\yarn\lib\cli.js:66154:18)
      at Request.self.callback (C:\Users\Bobur\AppData\Roaming\npm\node_modules\yarn\lib\cli.js:140890:22)
      at Request.emit (node:events:527:28)
      at Request.<anonymous> (C:\Users\Bobur\AppData\Roaming\npm\node_modules\yarn\lib\cli.js:141862:10)
      at Request.emit (node:events:527:28)
      at IncomingMessage.<anonymous> (C:\Users\Bobur\AppData\Roaming\npm\node_modules\yarn\lib\cli.js:141784:12)
      at Object.onceWrapper (node:events:641:28)
      at IncomingMessage.emit (node:events:539:35)
      at endReadableNT (node:internal/streams/readable:1345:12)
      at processTicksAndRejections (node:internal/process/task_queues:83:21)

npm manifest: 
  No manifest

yarn manifest: 
  No manifest

Lockfile: 
  No lockfile
